2019-10-26 08:09:31,006 INFO com.klugesoftware.farmainvoice.ftp.FTPConnectorManager [pool-4-thread-1] Secure FTP Channel Established!
2019-10-26 08:09:36,201 INFO com.klugesoftware.farmainvoice.ftp.FTPConnectorManager [pool-4-thread-1] Secure FTP Channel Established!
2019-10-26 08:09:49,352 INFO com.klugesoftware.farmainvoice.ftp.FTPConnectorManager [pool-4-thread-1] Mail sent to carla.lamedica@gmail.com
2019-10-26 08:09:50,921 INFO com.klugesoftware.farmainvoice.ftp.FTPConnectorManager [pool-4-thread-1] Secure FTP Channel Established!
2019-10-26 08:09:53,948 INFO com.klugesoftware.farmainvoice.ftp.FTPConnectorManager [pool-4-thread-1] Secure FTP Channel Established!
2019-10-26 08:09:57,225 INFO com.klugesoftware.farmainvoice.ftp.FTPConnectorManager [pool-4-thread-1] Secure FTP Channel Established!
2019-10-26 08:10:03,346 INFO com.klugesoftware.farmainvoice.ftp.FTPConnectorManager [pool-4-thread-1] Secure FTP Channel Established!
2019-10-26 08:10:10,150 INFO com.klugesoftware.farmainvoice.ftp.FTPConnectorManager [pool-4-thread-1] Mail sent to antoferrante@virgilio.it
2019-10-26 08:10:11,648 INFO com.klugesoftware.farmainvoice.ftp.FTPConnectorManager [pool-4-thread-1] Secure FTP Channel Established!
2019-10-26 08:10:17,997 INFO com.klugesoftware.farmainvoice.ftp.FTPConnectorManager [pool-4-thread-1] Mail sent to pr1031fg761@pec.fofi.it
2019-10-26 08:10:20,772 INFO com.klugesoftware.farmainvoice.ftp.FTPConnectorManager [pool-4-thread-1] Secure FTP Channel Established!
2019-10-26 08:10:42,794 INFO com.klugesoftware.farmainvoice.ftp.FTPConnectorManager [pool-4-thread-1] Mail sent to f.lovino@alice.it
2019-10-26 08:10:44,275 INFO com.klugesoftware.farmainvoice.ftp.FTPConnectorManager [pool-4-thread-1] Secure FTP Channel Established!
2019-10-26 08:10:47,786 INFO com.klugesoftware.farmainvoice.ftp.FTPConnectorManager [pool-4-thread-1] Secure FTP Channel Established!
2019-10-26 08:10:50,836 INFO com.klugesoftware.farmainvoice.ftp.FTPConnectorManager [pool-4-thread-1] Secure FTP Channel Established!
2019-10-26 08:10:56,582 INFO com.klugesoftware.farmainvoice.ftp.FTPConnectorManager [pool-4-thread-1] Secure FTP Channel Established!
2019-10-26 08:10:59,620 INFO com.klugesoftware.farmainvoice.ftp.FTPConnectorManager [pool-4-thread-1] Secure FTP Channel Established!
2019-10-26 08:11:06,783 INFO com.klugesoftware.farmainvoice.ftp.FTPConnectorManager [pool-4-thread-1] Secure FTP Channel Established!
2019-10-26 08:11:11,945 INFO com.klugesoftware.farmainvoice.ftp.FTPConnectorManager [pool-4-thread-1] Mail sent to sanpiofoggia@gmail.com
2019-10-26 08:11:13,519 INFO com.klugesoftware.farmainvoice.ftp.FTPConnectorManager [pool-4-thread-1] Secure FTP Channel Established!
2019-10-26 08:11:19,866 INFO com.klugesoftware.farmainvoice.ftp.FTPConnectorManager [pool-4-thread-1] Secure FTP Channel Established!
2019-10-26 08:11:26,200 INFO com.klugesoftware.farmainvoice.ftp.FTPConnectorManager [pool-4-thread-1] Mail sent to farmacia_diciommo_snc@yahoo.it
2019-10-26 08:11:27,638 INFO com.klugesoftware.farmainvoice.ftp.FTPConnectorManager [pool-4-thread-1] Secure FTP Channel Established!
2019-10-26 08:11:30,665 INFO com.klugesoftware.farmainvoice.ftp.FTPConnectorManager [pool-4-thread-1] Secure FTP Channel Established!
2019-10-26 08:11:33,691 INFO com.klugesoftware.farmainvoice.ftp.FTPConnectorManager [pool-4-thread-1] Secure FTP Channel Established!
2019-10-26 08:11:39,007 INFO com.klugesoftware.farmainvoice.ftp.FTPConnectorManager [pool-4-thread-1] Mail sent to farmagiordanocandela@libero.it
2019-10-26 08:11:40,885 INFO com.klugesoftware.farmainvoice.ftp.FTPConnectorManager [pool-4-thread-1] Secure FTP Channel Established!
2019-10-26 08:11:44,085 INFO com.klugesoftware.farmainvoice.ftp.FTPConnectorManager [pool-4-thread-1] Secure FTP Channel Established!
2019-10-26 08:11:51,137 INFO com.klugesoftware.farmainvoice.ftp.FTPConnectorManager [pool-4-thread-1] Mail sent to farmaciapavonegemma@gmail.com
2019-10-26 08:11:52,417 INFO com.klugesoftware.farmainvoice.ftp.FTPConnectorManager [pool-4-thread-1] Secure FTP Channel Established!
2019-10-26 08:11:55,821 INFO com.klugesoftware.farmainvoice.ftp.FTPConnectorManager [pool-4-thread-1] Secure FTP Channel Established!
2019-10-26 08:11:58,557 INFO com.klugesoftware.farmainvoice.ftp.FTPConnectorManager [pool-4-thread-1] Secure FTP Channel Established!
2019-10-26 08:12:01,077 INFO com.klugesoftware.farmainvoice.ftp.FTPConnectorManager [pool-4-thread-1] Secure FTP Channel Established!
2019-10-26 08:12:03,760 INFO com.klugesoftware.farmainvoice.ftp.FTPConnectorManager [pool-4-thread-1] Secure FTP Channel Established!
2019-10-26 08:12:06,131 INFO com.klugesoftware.farmainvoice.ftp.FTPConnectorManager [pool-4-thread-1] Secure FTP Channel Established!
2019-10-26 08:12:08,359 INFO com.klugesoftware.farmainvoice.ftp.FTPConnectorManager [pool-4-thread-1] Secure FTP Channel Established!
2019-10-26 08:12:10,768 INFO com.klugesoftware.farmainvoice.ftp.FTPConnectorManager [pool-4-thread-1] Secure FTP Channel Established!
2019-10-26 08:12:13,179 INFO com.klugesoftware.farmainvoice.ftp.FTPConnectorManager [pool-4-thread-1] Secure FTP Channel Established!
2019-10-26 08:12:15,542 INFO com.klugesoftware.farmainvoice.ftp.FTPConnectorManager [pool-4-thread-1] Secure FTP Channel Established!
2019-10-26 08:12:17,955 INFO com.klugesoftware.farmainvoice.ftp.FTPConnectorManager [pool-4-thread-1] Secure FTP Channel Established!
2019-10-26 08:12:20,477 INFO com.klugesoftware.farmainvoice.ftp.FTPConnectorManager [pool-4-thread-1] Secure FTP Channel Established!
2019-10-26 08:12:22,977 INFO com.klugesoftware.farmainvoice.ftp.FTPConnectorManager [pool-4-thread-1] Secure FTP Channel Established!
2019-10-26 08:12:25,367 INFO com.klugesoftware.farmainvoice.ftp.FTPConnectorManager [pool-4-thread-1] Secure FTP Channel Established!
2019-10-26 08:12:28,016 INFO com.klugesoftware.farmainvoice.ftp.FTPConnectorManager [pool-4-thread-1] Secure FTP Channel Established!
2019-10-26 08:12:30,368 INFO com.klugesoftware.farmainvoice.ftp.FTPConnectorManager [pool-4-thread-1] Secure FTP Channel Established!
2019-10-26 08:12:32,770 INFO com.klugesoftware.farmainvoice.ftp.FTPConnectorManager [pool-4-thread-1] Secure FTP Channel Established!
2019-10-26 08:12:35,165 INFO com.klugesoftware.farmainvoice.ftp.FTPConnectorManager [pool-4-thread-1] Secure FTP Channel Established!
2019-10-26 08:12:37,515 INFO com.klugesoftware.farmainvoice.ftp.FTPConnectorManager [pool-4-thread-1] Secure FTP Channel Established!
2019-10-26 08:12:39,789 INFO com.klugesoftware.farmainvoice.ftp.FTPConnectorManager [pool-4-thread-1] Secure FTP Channel Established!
2019-10-26 08:12:42,196 INFO com.klugesoftware.farmainvoice.ftp.FTPConnectorManager [pool-4-thread-1] Secure FTP Channel Established!
2019-10-26 08:12:44,474 INFO com.klugesoftware.farmainvoice.ftp.FTPConnectorManager [pool-4-thread-1] Secure FTP Channel Established!
2019-10-26 08:12:46,927 INFO com.klugesoftware.farmainvoice.ftp.FTPConnectorManager [pool-4-thread-1] Secure FTP Channel Established!
2019-10-26 08:12:49,198 INFO com.klugesoftware.farmainvoice.ftp.FTPConnectorManager [pool-4-thread-1] Secure FTP Channel Established!
2019-10-26 08:12:51,569 INFO com.klugesoftware.farmainvoice.ftp.FTPConnectorManager [pool-4-thread-1] Secure FTP Channel Established!
2019-10-26 15:15:24,458 INFO com.klugesoftware.farmainvoice.ftp.FTPConnectorManager [pool-4-thread-1] Secure FTP Channel Established!
2019-10-26 15:15:32,899 INFO com.klugesoftware.farmainvoice.ftp.FTPConnectorManager [pool-4-thread-1] Mail sent to m.muscettola@cheapnet.it
2019-10-26 15:15:33,953 INFO com.klugesoftware.farmainvoice.ftp.FTPConnectorManager [pool-4-thread-1] Secure FTP Channel Established!
2019-10-26 15:15:36,904 INFO com.klugesoftware.farmainvoice.ftp.FTPConnectorManager [pool-4-thread-1] Secure FTP Channel Established!
2019-10-26 15:15:39,574 INFO com.klugesoftware.farmainvoice.ftp.FTPConnectorManager [pool-4-thread-1] Secure FTP Channel Established!
2019-10-26 15:15:42,116 INFO com.klugesoftware.farmainvoice.ftp.FTPConnectorManager [pool-4-thread-1] Secure FTP Channel Established!
2019-10-26 15:15:44,741 INFO com.klugesoftware.farmainvoice.ftp.FTPConnectorManager [pool-4-thread-1] Secure FTP Channel Established!
2019-10-26 15:16:54,638 INFO com.klugesoftware.farmainvoice.ftp.FTPConnectorManager [pool-4-thread-1] Secure FTP Channel Established!
2019-10-26 15:17:04,571 INFO com.klugesoftware.farmainvoice.ftp.FTPConnectorManager [pool-4-thread-1] Mail sent to pr1031fg761@pec.fofi.it
2019-10-26 15:17:05,516 INFO com.klugesoftware.farmainvoice.ftp.FTPConnectorManager [pool-4-thread-1] Secure FTP Channel Established!
2019-10-26 15:17:08,196 INFO com.klugesoftware.farmainvoice.ftp.FTPConnectorManager [pool-4-thread-1] Secure FTP Channel Established!
2019-10-26 15:17:10,867 INFO com.klugesoftware.farmainvoice.ftp.FTPConnectorManager [pool-4-thread-1] Secure FTP Channel Established!
2019-10-26 15:17:13,440 INFO com.klugesoftware.farmainvoice.ftp.FTPConnectorManager [pool-4-thread-1] Secure FTP Channel Established!
2019-10-26 15:17:18,276 INFO com.klugesoftware.farmainvoice.ftp.FTPConnectorManager [pool-4-thread-1] Secure FTP Channel Established!
2019-10-26 15:17:21,239 INFO com.klugesoftware.farmainvoice.ftp.FTPConnectorManager [pool-4-thread-1] Secure FTP Channel Established!
2019-10-26 15:17:23,927 INFO com.klugesoftware.farmainvoice.ftp.FTPConnectorManager [pool-4-thread-1] Secure FTP Channel Established!
2019-10-26 15:17:26,583 INFO com.klugesoftware.farmainvoice.ftp.FTPConnectorManager [pool-4-thread-1] Secure FTP Channel Established!
2019-10-26 15:17:29,368 INFO com.klugesoftware.farmainvoice.ftp.FTPConnectorManager [pool-4-thread-1] Secure FTP Channel Established!
2019-10-26 15:17:32,013 INFO com.klugesoftware.farmainvoice.ftp.FTPConnectorManager [pool-4-thread-1] Secure FTP Channel Established!
2019-10-26 15:17:34,619 INFO com.klugesoftware.farmainvoice.ftp.FTPConnectorManager [pool-4-thread-1] Secure FTP Channel Established!
2019-10-26 15:17:40,174 INFO com.klugesoftware.farmainvoice.ftp.FTPConnectorManager [pool-4-thread-1] Secure FTP Channel Established!
2019-10-26 15:17:42,909 INFO com.klugesoftware.farmainvoice.ftp.FTPConnectorManager [pool-4-thread-1] Secure FTP Channel Established!
2019-10-26 15:17:45,735 INFO com.klugesoftware.farmainvoice.ftp.FTPConnectorManager [pool-4-thread-1] Secure FTP Channel Established!
2019-10-26 15:17:50,718 INFO com.klugesoftware.farmainvoice.ftp.FTPConnectorManager [pool-4-thread-1] Secure FTP Channel Established!
2019-10-26 15:17:53,415 INFO com.klugesoftware.farmainvoice.ftp.FTPConnectorManager [pool-4-thread-1] Secure FTP Channel Established!
2019-10-26 15:17:56,352 INFO com.klugesoftware.farmainvoice.ftp.FTPConnectorManager [pool-4-thread-1] Secure FTP Channel Established!
2019-10-26 15:17:58,864 INFO com.klugesoftware.farmainvoice.ftp.FTPConnectorManager [pool-4-thread-1] Secure FTP Channel Established!
2019-10-26 15:18:05,866 INFO com.klugesoftware.farmainvoice.ftp.FTPConnectorManager [pool-4-thread-1] Secure FTP Channel Established!
2019-10-26 15:18:06,454 INFO com.klugesoftware.farmainvoice.ftp.FTPConnectorManager [pool-4-thread-1] User: Lamedica uploaded 1 file xmlAttive on Ftp-DigitHub
2019-10-26 15:18:07,606 INFO com.klugesoftware.farmainvoice.ftp.FTPConnectorManager [pool-4-thread-1] Secure FTP Channel Established!
2019-10-26 15:18:09,901 INFO com.klugesoftware.farmainvoice.ftp.FTPConnectorManager [pool-4-thread-1] Secure FTP Channel Established!
2019-10-26 15:18:12,181 INFO com.klugesoftware.farmainvoice.ftp.FTPConnectorManager [pool-4-thread-1] Secure FTP Channel Established!
2019-10-26 15:18:14,603 INFO com.klugesoftware.farmainvoice.ftp.FTPConnectorManager [pool-4-thread-1] Secure FTP Channel Established!
2019-10-26 15:18:16,877 INFO com.klugesoftware.farmainvoice.ftp.FTPConnectorManager [pool-4-thread-1] Secure FTP Channel Established!
2019-10-26 15:18:19,330 INFO com.klugesoftware.farmainvoice.ftp.FTPConnectorManager [pool-4-thread-1] Secure FTP Channel Established!
2019-10-26 15:18:21,714 INFO com.klugesoftware.farmainvoice.ftp.FTPConnectorManager [pool-4-thread-1] Secure FTP Channel Established!
2019-10-26 15:18:24,068 INFO com.klugesoftware.farmainvoice.ftp.FTPConnectorManager [pool-4-thread-1] Secure FTP Channel Established!
2019-10-26 15:18:26,674 INFO com.klugesoftware.farmainvoice.ftp.FTPConnectorManager [pool-4-thread-1] Secure FTP Channel Established!
2019-10-26 15:18:29,092 INFO com.klugesoftware.farmainvoice.ftp.FTPConnectorManager [pool-4-thread-1] Secure FTP Channel Established!
2019-10-26 15:18:31,555 INFO com.klugesoftware.farmainvoice.ftp.FTPConnectorManager [pool-4-thread-1] Secure FTP Channel Established!
2019-10-26 15:18:34,062 INFO com.klugesoftware.farmainvoice.ftp.FTPConnectorManager [pool-4-thread-1] Secure FTP Channel Established!
2019-10-26 15:18:36,601 INFO com.klugesoftware.farmainvoice.ftp.FTPConnectorManager [pool-4-thread-1] Secure FTP Channel Established!
2019-10-26 15:18:38,872 INFO com.klugesoftware.farmainvoice.ftp.FTPConnectorManager [pool-4-thread-1] Secure FTP Channel Established!
2019-10-26 15:18:41,310 INFO com.klugesoftware.farmainvoice.ftp.FTPConnectorManager [pool-4-thread-1] Secure FTP Channel Established!
2019-10-26 15:18:43,737 INFO com.klugesoftware.farmainvoice.ftp.FTPConnectorManager [pool-4-thread-1] Secure FTP Channel Established!
2019-10-26 15:18:46,156 INFO com.klugesoftware.farmainvoice.ftp.FTPConnectorManager [pool-4-thread-1] Secure FTP Channel Established!
2019-10-26 15:18:48,623 INFO com.klugesoftware.farmainvoice.ftp.FTPConnectorManager [pool-4-thread-1] Secure FTP Channel Established!
2019-10-26 15:18:51,364 INFO com.klugesoftware.farmainvoice.ftp.FTPConnectorManager [pool-4-thread-1] Secure FTP Channel Established!
2019-10-26 15:18:53,929 INFO com.klugesoftware.farmainvoice.ftp.FTPConnectorManager [pool-4-thread-1] Secure FTP Channel Established!
2019-10-26 15:18:56,657 INFO com.klugesoftware.farmainvoice.ftp.FTPConnectorManager [pool-4-thread-1] Secure FTP Channel Established!
2019-10-26 17:09:17,936 INFO com.klugesoftware.farmainvoice.ftp.FTPConnectorManager [pool-4-thread-1] Secure FTP Channel Established!
2019-10-26 17:09:21,298 INFO com.klugesoftware.farmainvoice.ftp.FTPConnectorManager [pool-4-thread-1] Secure FTP Channel Established!
2019-10-26 17:09:24,054 INFO com.klugesoftware.farmainvoice.ftp.FTPConnectorManager [pool-4-thread-1] Secure FTP Channel Established!
2019-10-26 17:09:26,890 INFO com.klugesoftware.farmainvoice.ftp.FTPConnectorManager [pool-4-thread-1] Secure FTP Channel Established!
2019-10-26 17:09:29,670 INFO com.klugesoftware.farmainvoice.ftp.FTPConnectorManager [pool-4-thread-1] Secure FTP Channel Established!
2019-10-26 17:09:32,431 INFO com.klugesoftware.farmainvoice.ftp.FTPConnectorManager [pool-4-thread-1] Secure FTP Channel Established!
2019-10-26 17:09:35,119 INFO com.klugesoftware.farmainvoice.ftp.FTPConnectorManager [pool-4-thread-1] Secure FTP Channel Established!
2019-10-26 17:09:37,799 INFO com.klugesoftware.farmainvoice.ftp.FTPConnectorManager [pool-4-thread-1] Secure FTP Channel Established!
2019-10-26 17:09:40,550 INFO com.klugesoftware.farmainvoice.ftp.FTPConnectorManager [pool-4-thread-1] Secure FTP Channel Established!
2019-10-26 17:09:43,372 INFO com.klugesoftware.farmainvoice.ftp.FTPConnectorManager [pool-4-thread-1] Secure FTP Channel Established!
2019-10-26 17:09:46,211 INFO com.klugesoftware.farmainvoice.ftp.FTPConnectorManager [pool-4-thread-1] Secure FTP Channel Established!
2019-10-26 17:09:49,012 INFO com.klugesoftware.farmainvoice.ftp.FTPConnectorManager [pool-4-thread-1] Secure FTP Channel Established!
2019-10-26 17:09:51,641 INFO com.klugesoftware.farmainvoice.ftp.FTPConnectorManager [pool-4-thread-1] Secure FTP Channel Established!
2019-10-26 17:09:54,298 INFO com.klugesoftware.farmainvoice.ftp.FTPConnectorManager [pool-4-thread-1] Secure FTP Channel Established!
2019-10-26 17:09:57,041 INFO com.klugesoftware.farmainvoice.ftp.FTPConnectorManager [pool-4-thread-1] Secure FTP Channel Established!
2019-10-26 17:09:59,838 INFO com.klugesoftware.farmainvoice.ftp.FTPConnectorManager [pool-4-thread-1] Secure FTP Channel Established!
2019-10-26 17:10:02,564 INFO com.klugesoftware.farmainvoice.ftp.FTPConnectorManager [pool-4-thread-1] Secure FTP Channel Established!
2019-10-26 17:10:05,278 INFO com.klugesoftware.farmainvoice.ftp.FTPConnectorManager [pool-4-thread-1] Secure FTP Channel Established!
2019-10-26 17:10:08,311 INFO com.klugesoftware.farmainvoice.ftp.FTPConnectorManager [pool-4-thread-1] Secure FTP Channel Established!
2019-10-26 17:10:10,978 INFO com.klugesoftware.farmainvoice.ftp.FTPConnectorManager [pool-4-thread-1] Secure FTP Channel Established!
2019-10-26 17:10:14,224 INFO com.klugesoftware.farmainvoice.ftp.FTPConnectorManager [pool-4-thread-1] Secure FTP Channel Established!
2019-10-26 17:10:17,011 INFO com.klugesoftware.farmainvoice.ftp.FTPConnectorManager [pool-4-thread-1] Secure FTP Channel Established!
2019-10-26 17:10:20,097 INFO com.klugesoftware.farmainvoice.ftp.FTPConnectorManager [pool-4-thread-1] Secure FTP Channel Established!
2019-10-26 17:10:22,967 INFO com.klugesoftware.farmainvoice.ftp.FTPConnectorManager [pool-4-thread-1] Secure FTP Channel Established!
2019-10-26 17:10:25,393 INFO com.klugesoftware.farmainvoice.ftp.FTPConnectorManager [pool-4-thread-1] Secure FTP Channel Established!
2019-10-26 17:10:27,803 INFO com.klugesoftware.farmainvoice.ftp.FTPConnectorManager [pool-4-thread-1] Secure FTP Channel Established!
2019-10-26 17:10:30,269 INFO com.klugesoftware.farmainvoice.ftp.FTPConnectorManager [pool-4-thread-1] Secure FTP Channel Established!
2019-10-26 17:10:32,713 INFO com.klugesoftware.farmainvoice.ftp.FTPConnectorManager [pool-4-thread-1] Secure FTP Channel Established!
2019-10-26 17:10:35,216 INFO com.klugesoftware.farmainvoice.ftp.FTPConnectorManager [pool-4-thread-1] Secure FTP Channel Established!
2019-10-26 17:10:37,542 INFO com.klugesoftware.farmainvoice.ftp.FTPConnectorManager [pool-4-thread-1] Secure FTP Channel Established!
2019-10-26 17:10:40,022 INFO com.klugesoftware.farmainvoice.ftp.FTPConnectorManager [pool-4-thread-1] Secure FTP Channel Established!
2019-10-26 17:10:42,438 INFO com.klugesoftware.farmainvoice.ftp.FTPConnectorManager [pool-4-thread-1] Secure FTP Channel Established!
2019-10-26 17:10:44,764 INFO com.klugesoftware.farmainvoice.ftp.FTPConnectorManager [pool-4-thread-1] Secure FTP Channel Established!
2019-10-26 17:10:47,381 INFO com.klugesoftware.farmainvoice.ftp.FTPConnectorManager [pool-4-thread-1] Secure FTP Channel Established!
2019-10-26 17:10:49,788 INFO com.klugesoftware.farmainvoice.ftp.FTPConnectorManager [pool-4-thread-1] Secure FTP Channel Established!
2019-10-26 17:10:52,395 INFO com.klugesoftware.farmainvoice.ftp.FTPConnectorManager [pool-4-thread-1] Secure FTP Channel Established!
2019-10-26 17:10:54,790 INFO com.klugesoftware.farmainvoice.ftp.FTPConnectorManager [pool-4-thread-1] Secure FTP Channel Established!
2019-10-26 17:10:57,379 INFO com.klugesoftware.farmainvoice.ftp.FTPConnectorManager [pool-4-thread-1] Secure FTP Channel Established!
2019-10-26 17:10:59,953 INFO com.klugesoftware.farmainvoice.ftp.FTPConnectorManager [pool-4-thread-1] Secure FTP Channel Established!
2019-10-26 17:11:02,541 INFO com.klugesoftware.farmainvoice.ftp.FTPConnectorManager [pool-4-thread-1] Secure FTP Channel Established!
2019-10-26 17:11:05,101 INFO com.klugesoftware.farmainvoice.ftp.FTPConnectorManager [pool-4-thread-1] Secure FTP Channel Established!
2019-10-26 17:11:07,692 INFO com.klugesoftware.farmainvoice.ftp.FTPConnectorManager [pool-4-thread-1] Secure FTP Channel Established!
2019-10-26 17:11:10,173 INFO com.klugesoftware.farmainvoice.ftp.FTPConnectorManager [pool-4-thread-1] Secure FTP Channel Established!
2019-10-26 17:11:12,892 INFO com.klugesoftware.farmainvoice.ftp.FTPConnectorManager [pool-4-thread-1] Secure FTP Channel Established!
2019-10-26 17:11:15,436 INFO com.klugesoftware.farmainvoice.ftp.FTPConnectorManager [pool-4-thread-1] Secure FTP Channel Established!
2019-10-26 17:11:18,174 INFO com.klugesoftware.farmainvoice.ftp.FTPConnectorManager [pool-4-thread-1] Secure FTP Channel Established!
